2023-02-08 08:50:12,524 INFO org.springframework.boot.StartupInfoLogger [restartedMain] Starting ProjectIcdayroiApplication using Java 11.0.17 on vannt-ASUS-TUF-Gaming-A15-FA506II-FA506II with PID 14286 (/home/vannt/O-Dia-D/O Dia D/Programming/project-icdayroi/target/classes started by vannt in /home/vannt/O-Dia-D/O Dia D/Programming/project-icdayroi)
2023-02-08 08:50:12,527 INFO org.springframework.boot.SpringApplication [restartedMain] The following 1 profile is active: "dev"
2023-02-08 08:50:12,589 INFO org.springframework.boot.logging.DeferredLog [restartedMain] Devtools property defaults active! Set 'spring.devtools.add-properties' to 'false' to disable
2023-02-08 08:50:12,590 INFO org.springframework.boot.logging.DeferredLog [restartedMain] For additional web related logging consider setting the 'logging.level.web' property to 'DEBUG'
2023-02-08 08:50:13,306 INFO org.springframework.data.repository.config.RepositoryConfigurationDelegate [restartedMain] Multiple Spring Data modules found, entering strict repository configuration mode
2023-02-08 08:50:13,308 INFO org.springframework.data.repository.config.RepositoryConfigurationDelegate [restartedMain] Bootstrapping Spring Data JPA repositories in DEFAULT mode.
2023-02-08 08:50:13,436 INFO org.springframework.data.repository.config.RepositoryConfigurationDelegate [restartedMain] Finished Spring Data repository scanning in 120 ms. Found 5 JPA repository interfaces.
2023-02-08 08:50:13,450 INFO org.springframework.data.repository.config.RepositoryConfigurationDelegate [restartedMain] Multiple Spring Data modules found, entering strict repository configuration mode
2023-02-08 08:50:13,451 INFO org.springframework.data.repository.config.RepositoryConfigurationDelegate [restartedMain] Bootstrapping Spring Data Redis repositories in DEFAULT mode.
2023-02-08 08:50:13,462 INFO org.springframework.data.repository.config.RepositoryConfigurationExtensionSupport [restartedMain] Spring Data Redis - Could not safely identify store assignment for repository candidate interface com.vannt.projecticdayroi.repository.BillRepository; If you want this repository to be a Redis repository, consider annotating your entities with one of these annotations: org.springframework.data.redis.core.RedisHash (preferred), or consider extending one of the following types with your repository: org.springframework.data.keyvalue.repository.KeyValueRepository
2023-02-08 08:50:13,463 INFO org.springframework.data.repository.config.RepositoryConfigurationExtensionSupport [restartedMain] Spring Data Redis - Could not safely identify store assignment for repository candidate interface com.vannt.projecticdayroi.repository.ContactRepository; If you want this repository to be a Redis repository, consider annotating your entities with one of these annotations: org.springframework.data.redis.core.RedisHash (preferred), or consider extending one of the following types with your repository: org.springframework.data.keyvalue.repository.KeyValueRepository
2023-02-08 08:50:13,463 INFO org.springframework.data.repository.config.RepositoryConfigurationExtensionSupport [restartedMain] Spring Data Redis - Could not safely identify store assignment for repository candidate interface com.vannt.projecticdayroi.repository.ProductRepository; If you want this repository to be a Redis repository, consider annotating your entities with one of these annotations: org.springframework.data.redis.core.RedisHash (preferred), or consider extending one of the following types with your repository: org.springframework.data.keyvalue.repository.KeyValueRepository
2023-02-08 08:50:13,464 INFO org.springframework.data.repository.config.RepositoryConfigurationExtensionSupport [restartedMain] Spring Data Redis - Could not safely identify store assignment for repository candidate interface com.vannt.projecticdayroi.repository.TypeProductRepository; If you want this repository to be a Redis repository, consider annotating your entities with one of these annotations: org.springframework.data.redis.core.RedisHash (preferred), or consider extending one of the following types with your repository: org.springframework.data.keyvalue.repository.KeyValueRepository
2023-02-08 08:50:13,464 INFO org.springframework.data.repository.config.RepositoryConfigurationExtensionSupport [restartedMain] Spring Data Redis - Could not safely identify store assignment for repository candidate interface com.vannt.projecticdayroi.repository.UserRepository; If you want this repository to be a Redis repository, consider annotating your entities with one of these annotations: org.springframework.data.redis.core.RedisHash (preferred), or consider extending one of the following types with your repository: org.springframework.data.keyvalue.repository.KeyValueRepository
2023-02-08 08:50:13,464 INFO org.springframework.data.repository.config.RepositoryConfigurationDelegate [restartedMain] Finished Spring Data repository scanning in 6 ms. Found 0 Redis repository interfaces.
2023-02-08 08:50:14,074 INFO org.springframework.boot.web.embedded.tomcat.TomcatWebServer [restartedMain] Tomcat initialized with port(s): 8080 (http)
2023-02-08 08:50:14,083 INFO org.apache.juli.logging.DirectJDKLog [restartedMain] Initializing ProtocolHandler ["http-nio-8080"]
2023-02-08 08:50:14,084 INFO org.apache.juli.logging.DirectJDKLog [restartedMain] Starting service [Tomcat]
2023-02-08 08:50:14,084 INFO org.apache.juli.logging.DirectJDKLog [restartedMain] Starting Servlet engine: [Apache Tomcat/9.0.68]
2023-02-08 08:50:14,129 INFO org.apache.juli.logging.DirectJDKLog [restartedMain] Initializing Spring embedded WebApplicationContext
2023-02-08 08:50:14,130 INFO org.springframework.boot.web.servlet.context.ServletWebServerApplicationContext [restartedMain] Root WebApplicationContext: initialization completed in 1539 ms
2023-02-08 08:50:14,502 INFO org.hibernate.jpa.internal.util.LogHelper [restartedMain] HHH000204: Processing PersistenceUnitInfo [name: default]
2023-02-08 08:50:14,536 INFO org.hibernate.Version [restartedMain] HHH000412: Hibernate ORM core version 5.6.12.Final
2023-02-08 08:50:14,658 INFO org.hibernate.annotations.common.reflection.java.JavaReflectionManager [restartedMain] HCANN000001: Hibernate Commons Annotations {5.1.2.Final}
2023-02-08 08:50:14,731 INFO com.zaxxer.hikari.HikariDataSource [restartedMain] HikariPool-1 - Starting...
2023-02-08 08:50:15,080 INFO com.zaxxer.hikari.HikariDataSource [restartedMain] HikariPool-1 - Start completed.
2023-02-08 08:50:15,106 INFO org.hibernate.dialect.Dialect [restartedMain] HHH000400: Using dialect: org.hibernate.dialect.MySQL8Dialect
2023-02-08 08:50:15,334 WARN org.hibernate.mapping.RootClass [restartedMain] HHH000038: Composite-id class does not override equals(): com.vannt.projecticdayroi.entity.id.BillProductId
2023-02-08 08:50:15,335 WARN org.hibernate.mapping.RootClass [restartedMain] HHH000039: Composite-id class does not override hashCode(): com.vannt.projecticdayroi.entity.id.BillProductId
2023-02-08 08:50:15,894 INFO org.hibernate.engine.transaction.jta.platform.internal.JtaPlatformInitiator [restartedMain] HHH000490: Using JtaPlatform implementation: [org.hibernate.engine.transaction.jta.platform.internal.NoJtaPlatform]
2023-02-08 08:50:15,906 INFO org.springframework.orm.jpa.AbstractEntityManagerFactoryBean [restartedMain] Initialized JPA EntityManagerFactory for persistence unit 'default'
2023-02-08 08:50:16,640 INFO org.springframework.security.web.DefaultSecurityFilterChain [restartedMain] Will secure any request with [org.springframework.security.web.session.DisableEncodeUrlFilter@7f08bd3c, org.springframework.security.web.context.request.async.WebAsyncManagerIntegrationFilter@6f0fef84, org.springframework.security.web.context.SecurityContextPersistenceFilter@e133e9c, org.springframework.security.web.header.HeaderWriterFilter@1f82630d, org.springframework.security.web.authentication.logout.LogoutFilter@6457755, com.vannt.projecticdayroi.jwt.JwtTokenFilter@1ccd7d5f, org.springframework.security.web.savedrequest.RequestCacheAwareFilter@61370727, org.springframework.security.web.servletapi.SecurityContextHolderAwareRequestFilter@4183b51f, org.springframework.security.web.authentication.AnonymousAuthenticationFilter@3515044c, org.springframework.security.web.session.SessionManagementFilter@2337ed03, org.springframework.security.web.access.ExceptionTranslationFilter@44c09601, org.springframework.security.web.access.intercept.FilterSecurityInterceptor@866c69]
2023-02-08 08:50:16,693 WARN org.springframework.boot.autoconfigure.orm.jpa.JpaBaseConfiguration$JpaWebConfiguration [restartedMain] spring.jpa.open-in-view is enabled by default. Therefore, database queries may be performed during view rendering. Explicitly configure spring.jpa.open-in-view to disable this warning
2023-02-08 08:50:16,848 INFO org.springframework.boot.autoconfigure.web.servlet.WelcomePageHandlerMapping [restartedMain] Adding welcome page template: index
2023-02-08 08:50:17,108 INFO org.springframework.boot.devtools.autoconfigure.OptionalLiveReloadServer [restartedMain] LiveReload server is running on port 35729
2023-02-08 08:50:17,120 INFO org.apache.juli.logging.DirectJDKLog [restartedMain] Starting ProtocolHandler ["http-nio-8080"]
2023-02-08 08:50:17,131 INFO org.springframework.boot.web.embedded.tomcat.TomcatWebServer [restartedMain] Tomcat started on port(s): 8080 (http) with context path ''
2023-02-08 08:50:17,140 INFO org.springframework.boot.StartupInfoLogger [restartedMain] Started ProjectIcdayroiApplication in 5.06 seconds (JVM running for 5.658)
2023-02-08 09:19:08,095 INFO org.apache.juli.logging.DirectJDKLog [http-nio-8080-exec-2] Initializing Spring DispatcherServlet 'dispatcherServlet'
2023-02-08 09:19:08,096 INFO org.springframework.web.servlet.FrameworkServlet [http-nio-8080-exec-2] Initializing Servlet 'dispatcherServlet'
2023-02-08 09:19:08,099 INFO org.springframework.web.servlet.FrameworkServlet [http-nio-8080-exec-2] Completed initialization in 2 ms
2023-02-08 09:24:00,503 INFO org.springframework.orm.jpa.AbstractEntityManagerFactoryBean [SpringApplicationShutdownHook] Closing JPA EntityManagerFactory for persistence unit 'default'
2023-02-08 09:24:00,508 INFO com.zaxxer.hikari.HikariDataSource [SpringApplicationShutdownHook] HikariPool-1 - Shutdown initiated...
2023-02-08 09:24:00,542 INFO com.zaxxer.hikari.HikariDataSource [SpringApplicationShutdownHook] HikariPool-1 - Shutdown completed.
2023-02-08 09:24:04,383 INFO org.springframework.boot.StartupInfoLogger [restartedMain] Starting ProjectIcdayroiApplication using Java 11.0.17 on vannt-ASUS-TUF-Gaming-A15-FA506II-FA506II with PID 15111 (/home/vannt/O-Dia-D/O Dia D/Programming/project-icdayroi/target/classes started by vannt in /home/vannt/O-Dia-D/O Dia D/Programming/project-icdayroi)
2023-02-08 09:24:04,386 INFO org.springframework.boot.SpringApplication [restartedMain] The following 1 profile is active: "dev"
2023-02-08 09:24:04,446 INFO org.springframework.boot.logging.DeferredLog [restartedMain] Devtools property defaults active! Set 'spring.devtools.add-properties' to 'false' to disable
2023-02-08 09:24:04,446 INFO org.springframework.boot.logging.DeferredLog [restartedMain] For additional web related logging consider setting the 'logging.level.web' property to 'DEBUG'
2023-02-08 09:24:05,073 INFO org.springframework.data.repository.config.RepositoryConfigurationDelegate [restartedMain] Multiple Spring Data modules found, entering strict repository configuration mode
2023-02-08 09:24:05,075 INFO org.springframework.data.repository.config.RepositoryConfigurationDelegate [restartedMain] Bootstrapping Spring Data JPA repositories in DEFAULT mode.
2023-02-08 09:24:05,212 INFO org.springframework.data.repository.config.RepositoryConfigurationDelegate [restartedMain] Finished Spring Data repository scanning in 130 ms. Found 5 JPA repository interfaces.
2023-02-08 09:24:05,227 INFO org.springframework.data.repository.config.RepositoryConfigurationDelegate [restartedMain] Multiple Spring Data modules found, entering strict repository configuration mode
2023-02-08 09:24:05,228 INFO org.springframework.data.repository.config.RepositoryConfigurationDelegate [restartedMain] Bootstrapping Spring Data Redis repositories in DEFAULT mode.
2023-02-08 09:24:05,239 INFO org.springframework.data.repository.config.RepositoryConfigurationExtensionSupport [restartedMain] Spring Data Redis - Could not safely identify store assignment for repository candidate interface com.vannt.projecticdayroi.repository.BillRepository; If you want this repository to be a Redis repository, consider annotating your entities with one of these annotations: org.springframework.data.redis.core.RedisHash (preferred), or consider extending one of the following types with your repository: org.springframework.data.keyvalue.repository.KeyValueRepository
2023-02-08 09:24:05,239 INFO org.springframework.data.repository.config.RepositoryConfigurationExtensionSupport [restartedMain] Spring Data Redis - Could not safely identify store assignment for repository candidate interface com.vannt.projecticdayroi.repository.ContactRepository; If you want this repository to be a Redis repository, consider annotating your entities with one of these annotations: org.springframework.data.redis.core.RedisHash (preferred), or consider extending one of the following types with your repository: org.springframework.data.keyvalue.repository.KeyValueRepository
2023-02-08 09:24:05,240 INFO org.springframework.data.repository.config.RepositoryConfigurationExtensionSupport [restartedMain] Spring Data Redis - Could not safely identify store assignment for repository candidate interface com.vannt.projecticdayroi.repository.ProductRepository; If you want this repository to be a Redis repository, consider annotating your entities with one of these annotations: org.springframework.data.redis.core.RedisHash (preferred), or consider extending one of the following types with your repository: org.springframework.data.keyvalue.repository.KeyValueRepository
2023-02-08 09:24:05,240 INFO org.springframework.data.repository.config.RepositoryConfigurationExtensionSupport [restartedMain] Spring Data Redis - Could not safely identify store assignment for repository candidate interface com.vannt.projecticdayroi.repository.TypeProductRepository; If you want this repository to be a Redis repository, consider annotating your entities with one of these annotations: org.springframework.data.redis.core.RedisHash (preferred), or consider extending one of the following types with your repository: org.springframework.data.keyvalue.repository.KeyValueRepository
2023-02-08 09:24:05,241 INFO org.springframework.data.repository.config.RepositoryConfigurationExtensionSupport [restartedMain] Spring Data Redis - Could not safely identify store assignment for repository candidate interface com.vannt.projecticdayroi.repository.UserRepository; If you want this repository to be a Redis repository, consider annotating your entities with one of these annotations: org.springframework.data.redis.core.RedisHash (preferred), or consider extending one of the following types with your repository: org.springframework.data.keyvalue.repository.KeyValueRepository
2023-02-08 09:24:05,241 INFO org.springframework.data.repository.config.RepositoryConfigurationDelegate [restartedMain] Finished Spring Data repository scanning in 6 ms. Found 0 Redis repository interfaces.
2023-02-08 09:24:05,861 INFO org.springframework.boot.web.embedded.tomcat.TomcatWebServer [restartedMain] Tomcat initialized with port(s): 8080 (http)
2023-02-08 09:24:05,870 INFO org.apache.juli.logging.DirectJDKLog [restartedMain] Initializing ProtocolHandler ["http-nio-8080"]
2023-02-08 09:24:05,871 INFO org.apache.juli.logging.DirectJDKLog [restartedMain] Starting service [Tomcat]
2023-02-08 09:24:05,871 INFO org.apache.juli.logging.DirectJDKLog [restartedMain] Starting Servlet engine: [Apache Tomcat/9.0.68]
2023-02-08 09:24:05,921 INFO org.apache.juli.logging.DirectJDKLog [restartedMain] Initializing Spring embedded WebApplicationContext
2023-02-08 09:24:05,921 INFO org.springframework.boot.web.servlet.context.ServletWebServerApplicationContext [restartedMain] Root WebApplicationContext: initialization completed in 1474 ms
2023-02-08 09:24:06,314 INFO org.hibernate.jpa.internal.util.LogHelper [restartedMain] HHH000204: Processing PersistenceUnitInfo [name: default]
2023-02-08 09:24:06,352 INFO org.hibernate.Version [restartedMain] HHH000412: Hibernate ORM core version 5.6.12.Final
2023-02-08 09:24:06,480 INFO org.hibernate.annotations.common.reflection.java.JavaReflectionManager [restartedMain] HCANN000001: Hibernate Commons Annotations {5.1.2.Final}
2023-02-08 09:24:06,560 INFO com.zaxxer.hikari.HikariDataSource [restartedMain] HikariPool-1 - Starting...
2023-02-08 09:24:06,930 INFO com.zaxxer.hikari.HikariDataSource [restartedMain] HikariPool-1 - Start completed.
2023-02-08 09:24:06,959 INFO org.hibernate.dialect.Dialect [restartedMain] HHH000400: Using dialect: org.hibernate.dialect.MySQL8Dialect
2023-02-08 09:24:07,191 WARN org.hibernate.mapping.RootClass [restartedMain] HHH000038: Composite-id class does not override equals(): com.vannt.projecticdayroi.entity.id.BillProductId
2023-02-08 09:24:07,191 WARN org.hibernate.mapping.RootClass [restartedMain] HHH000039: Composite-id class does not override hashCode(): com.vannt.projecticdayroi.entity.id.BillProductId
2023-02-08 09:24:07,830 INFO org.hibernate.engine.transaction.jta.platform.internal.JtaPlatformInitiator [restartedMain] HHH000490: Using JtaPlatform implementation: [org.hibernate.engine.transaction.jta.platform.internal.NoJtaPlatform]
2023-02-08 09:24:07,843 INFO org.springframework.orm.jpa.AbstractEntityManagerFactoryBean [restartedMain] Initialized JPA EntityManagerFactory for persistence unit 'default'
2023-02-08 09:24:08,579 INFO org.springframework.security.web.DefaultSecurityFilterChain [restartedMain] Will secure any request with [org.springframework.security.web.session.DisableEncodeUrlFilter@7a38bf26, org.springframework.security.web.context.request.async.WebAsyncManagerIntegrationFilter@70ab8f77, org.springframework.security.web.context.SecurityContextPersistenceFilter@13bf060, org.springframework.security.web.header.HeaderWriterFilter@78d001d1, org.springframework.security.web.authentication.logout.LogoutFilter@5816e6e1, com.vannt.projecticdayroi.jwt.JwtTokenFilter@7f75c6ac, org.springframework.security.web.savedrequest.RequestCacheAwareFilter@7c9e94de, org.springframework.security.web.servletapi.SecurityContextHolderAwareRequestFilter@29f6aa2d, org.springframework.security.web.authentication.AnonymousAuthenticationFilter@ac13366, org.springframework.security.web.session.SessionManagementFilter@4629b7bf, org.springframework.security.web.access.ExceptionTranslationFilter@55d56dea, org.springframework.security.web.access.intercept.FilterSecurityInterceptor@2ce9a751]
2023-02-08 09:24:08,624 WARN org.springframework.boot.autoconfigure.orm.jpa.JpaBaseConfiguration$JpaWebConfiguration [restartedMain] spring.jpa.open-in-view is enabled by default. Therefore, database queries may be performed during view rendering. Explicitly configure spring.jpa.open-in-view to disable this warning
2023-02-08 09:24:08,762 INFO org.springframework.boot.autoconfigure.web.servlet.WelcomePageHandlerMapping [restartedMain] Adding welcome page template: index
2023-02-08 09:24:09,019 INFO org.springframework.boot.devtools.autoconfigure.OptionalLiveReloadServer [restartedMain] LiveReload server is running on port 35729
2023-02-08 09:24:09,030 INFO org.apache.juli.logging.DirectJDKLog [restartedMain] Starting ProtocolHandler ["http-nio-8080"]
2023-02-08 09:24:09,044 INFO org.springframework.boot.web.embedded.tomcat.TomcatWebServer [restartedMain] Tomcat started on port(s): 8080 (http) with context path ''
2023-02-08 09:24:09,054 INFO org.springframework.boot.StartupInfoLogger [restartedMain] Started ProjectIcdayroiApplication in 5.157 seconds (JVM running for 5.787)
2023-02-08 09:24:15,693 INFO org.apache.juli.logging.DirectJDKLog [http-nio-8080-exec-2] Initializing Spring DispatcherServlet 'dispatcherServlet'
2023-02-08 09:24:15,694 INFO org.springframework.web.servlet.FrameworkServlet [http-nio-8080-exec-2] Initializing Servlet 'dispatcherServlet'
2023-02-08 09:24:15,696 INFO org.springframework.web.servlet.FrameworkServlet [http-nio-8080-exec-2] Completed initialization in 1 ms
2023-02-08 09:24:15,755 INFO com.vannt.projecticdayroi.services.BillServicesImp [http-nio-8080-exec-2] info get all bill
2023-02-08 09:24:15,756 ERROR com.vannt.projecticdayroi.services.BillServicesImp [http-nio-8080-exec-2] error get all bill
2023-02-08 09:25:52,049 INFO com.vannt.projecticdayroi.services.BillServicesImp [http-nio-8080-exec-4] info get all bill
2023-02-08 09:25:52,049 ERROR com.vannt.projecticdayroi.services.BillServicesImp [http-nio-8080-exec-4] error get all bill
2023-02-08 09:26:27,997 INFO org.springframework.orm.jpa.AbstractEntityManagerFactoryBean [SpringApplicationShutdownHook] Closing JPA EntityManagerFactory for persistence unit 'default'
2023-02-08 09:26:28,000 INFO com.zaxxer.hikari.HikariDataSource [SpringApplicationShutdownHook] HikariPool-1 - Shutdown initiated...
2023-02-08 09:26:28,024 INFO com.zaxxer.hikari.HikariDataSource [SpringApplicationShutdownHook] HikariPool-1 - Shutdown completed.
2023-02-08 09:26:31,580 INFO org.springframework.boot.StartupInfoLogger [restartedMain] Starting ProjectIcdayroiApplication using Java 11.0.17 on vannt-ASUS-TUF-Gaming-A15-FA506II-FA506II with PID 15308 (/home/vannt/O-Dia-D/O Dia D/Programming/project-icdayroi/target/classes started by vannt in /home/vannt/O-Dia-D/O Dia D/Programming/project-icdayroi)
2023-02-08 09:26:31,582 INFO org.springframework.boot.SpringApplication [restartedMain] The following 1 profile is active: "dev"
2023-02-08 09:26:31,637 INFO org.springframework.boot.logging.DeferredLog [restartedMain] Devtools property defaults active! Set 'spring.devtools.add-properties' to 'false' to disable
2023-02-08 09:26:31,638 INFO org.springframework.boot.logging.DeferredLog [restartedMain] For additional web related logging consider setting the 'logging.level.web' property to 'DEBUG'
2023-02-08 09:26:32,321 INFO org.springframework.data.repository.config.RepositoryConfigurationDelegate [restartedMain] Multiple Spring Data modules found, entering strict repository configuration mode
2023-02-08 09:26:32,323 INFO org.springframework.data.repository.config.RepositoryConfigurationDelegate [restartedMain] Bootstrapping Spring Data JPA repositories in DEFAULT mode.
2023-02-08 09:26:32,455 INFO org.springframework.data.repository.config.RepositoryConfigurationDelegate [restartedMain] Finished Spring Data repository scanning in 124 ms. Found 5 JPA repository interfaces.
2023-02-08 09:26:32,471 INFO org.springframework.data.repository.config.RepositoryConfigurationDelegate [restartedMain] Multiple Spring Data modules found, entering strict repository configuration mode
2023-02-08 09:26:32,473 INFO org.springframework.data.repository.config.RepositoryConfigurationDelegate [restartedMain] Bootstrapping Spring Data Redis repositories in DEFAULT mode.
2023-02-08 09:26:32,485 INFO org.springframework.data.repository.config.RepositoryConfigurationExtensionSupport [restartedMain] Spring Data Redis - Could not safely identify store assignment for repository candidate interface com.vannt.projecticdayroi.repository.BillRepository; If you want this repository to be a Redis repository, consider annotating your entities with one of these annotations: org.springframework.data.redis.core.RedisHash (preferred), or consider extending one of the following types with your repository: org.springframework.data.keyvalue.repository.KeyValueRepository
2023-02-08 09:26:32,485 INFO org.springframework.data.repository.config.RepositoryConfigurationExtensionSupport [restartedMain] Spring Data Redis - Could not safely identify store assignment for repository candidate interface com.vannt.projecticdayroi.repository.ContactRepository; If you want this repository to be a Redis repository, consider annotating your entities with one of these annotations: org.springframework.data.redis.core.RedisHash (preferred), or consider extending one of the following types with your repository: org.springframework.data.keyvalue.repository.KeyValueRepository
2023-02-08 09:26:32,486 INFO org.springframework.data.repository.config.RepositoryConfigurationExtensionSupport [restartedMain] Spring Data Redis - Could not safely identify store assignment for repository candidate interface com.vannt.projecticdayroi.repository.ProductRepository; If you want this repository to be a Redis repository, consider annotating your entities with one of these annotations: org.springframework.data.redis.core.RedisHash (preferred), or consider extending one of the following types with your repository: org.springframework.data.keyvalue.repository.KeyValueRepository
2023-02-08 09:26:32,487 INFO org.springframework.data.repository.config.RepositoryConfigurationExtensionSupport [restartedMain] Spring Data Redis - Could not safely identify store assignment for repository candidate interface com.vannt.projecticdayroi.repository.TypeProductRepository; If you want this repository to be a Redis repository, consider annotating your entities with one of these annotations: org.springframework.data.redis.core.RedisHash (preferred), or consider extending one of the following types with your repository: org.springframework.data.keyvalue.repository.KeyValueRepository
2023-02-08 09:26:32,488 INFO org.springframework.data.repository.config.RepositoryConfigurationExtensionSupport [restartedMain] Spring Data Redis - Could not safely identify store assignment for repository candidate interface com.vannt.projecticdayroi.repository.UserRepository; If you want this repository to be a Redis repository, consider annotating your entities with one of these annotations: org.springframework.data.redis.core.RedisHash (preferred), or consider extending one of the following types with your repository: org.springframework.data.keyvalue.repository.KeyValueRepository
2023-02-08 09:26:32,488 INFO org.springframework.data.repository.config.RepositoryConfigurationDelegate [restartedMain] Finished Spring Data repository scanning in 8 ms. Found 0 Redis repository interfaces.
2023-02-08 09:26:33,121 INFO org.springframework.boot.web.embedded.tomcat.TomcatWebServer [restartedMain] Tomcat initialized with port(s): 8080 (http)
2023-02-08 09:26:33,131 INFO org.apache.juli.logging.DirectJDKLog [restartedMain] Initializing ProtocolHandler ["http-nio-8080"]
2023-02-08 09:26:33,132 INFO org.apache.juli.logging.DirectJDKLog [restartedMain] Starting service [Tomcat]
2023-02-08 09:26:33,132 INFO org.apache.juli.logging.DirectJDKLog [restartedMain] Starting Servlet engine: [Apache Tomcat/9.0.68]
2023-02-08 09:26:33,183 INFO org.apache.juli.logging.DirectJDKLog [restartedMain] Initializing Spring embedded WebApplicationContext
2023-02-08 09:26:33,183 INFO org.springframework.boot.web.servlet.context.ServletWebServerApplicationContext [restartedMain] Root WebApplicationContext: initialization completed in 1544 ms
2023-02-08 09:26:33,593 INFO org.hibernate.jpa.internal.util.LogHelper [restartedMain] HHH000204: Processing PersistenceUnitInfo [name: default]
2023-02-08 09:26:33,633 INFO org.hibernate.Version [restartedMain] HHH000412: Hibernate ORM core version 5.6.12.Final
2023-02-08 09:26:33,773 INFO org.hibernate.annotations.common.reflection.java.JavaReflectionManager [restartedMain] HCANN000001: Hibernate Commons Annotations {5.1.2.Final}
2023-02-08 09:26:33,851 INFO com.zaxxer.hikari.HikariDataSource [restartedMain] HikariPool-1 - Starting...
2023-02-08 09:26:34,214 INFO com.zaxxer.hikari.HikariDataSource [restartedMain] HikariPool-1 - Start completed.
2023-02-08 09:26:34,241 INFO org.hibernate.dialect.Dialect [restartedMain] HHH000400: Using dialect: org.hibernate.dialect.MySQL8Dialect
2023-02-08 09:26:34,458 WARN org.hibernate.mapping.RootClass [restartedMain] HHH000038: Composite-id class does not override equals(): com.vannt.projecticdayroi.entity.id.BillProductId
2023-02-08 09:26:34,458 WARN org.hibernate.mapping.RootClass [restartedMain] HHH000039: Composite-id class does not override hashCode(): com.vannt.projecticdayroi.entity.id.BillProductId
2023-02-08 09:26:35,115 INFO org.hibernate.engine.transaction.jta.platform.internal.JtaPlatformInitiator [restartedMain] HHH000490: Using JtaPlatform implementation: [org.hibernate.engine.transaction.jta.platform.internal.NoJtaPlatform]
2023-02-08 09:26:35,129 INFO org.springframework.orm.jpa.AbstractEntityManagerFactoryBean [restartedMain] Initialized JPA EntityManagerFactory for persistence unit 'default'
2023-02-08 09:26:35,902 INFO org.springframework.security.web.DefaultSecurityFilterChain [restartedMain] Will secure any request with [org.springframework.security.web.session.DisableEncodeUrlFilter@44b358a4, org.springframework.security.web.context.request.async.WebAsyncManagerIntegrationFilter@79b5b158, org.springframework.security.web.context.SecurityContextPersistenceFilter@8a3a81c, org.springframework.security.web.header.HeaderWriterFilter@5527c5de, org.springframework.security.web.authentication.logout.LogoutFilter@7176656d, com.vannt.projecticdayroi.jwt.JwtTokenFilter@746d2ce5, org.springframework.security.web.savedrequest.RequestCacheAwareFilter@5aff92d0, org.springframework.security.web.servletapi.SecurityContextHolderAwareRequestFilter@28de7061, org.springframework.security.web.authentication.AnonymousAuthenticationFilter@3eadc3f6, org.springframework.security.web.session.SessionManagementFilter@6b4b1c23, org.springframework.security.web.access.ExceptionTranslationFilter@7ac6fc13, org.springframework.security.web.access.intercept.FilterSecurityInterceptor@18dd6bda]
2023-02-08 09:26:35,949 WARN org.springframework.boot.autoconfigure.orm.jpa.JpaBaseConfiguration$JpaWebConfiguration [restartedMain] spring.jpa.open-in-view is enabled by default. Therefore, database queries may be performed during view rendering. Explicitly configure spring.jpa.open-in-view to disable this warning
2023-02-08 09:26:36,082 INFO org.springframework.boot.autoconfigure.web.servlet.WelcomePageHandlerMapping [restartedMain] Adding welcome page template: index
2023-02-08 09:26:36,343 INFO org.springframework.boot.devtools.autoconfigure.OptionalLiveReloadServer [restartedMain] LiveReload server is running on port 35729
2023-02-08 09:26:36,355 INFO org.apache.juli.logging.DirectJDKLog [restartedMain] Starting ProtocolHandler ["http-nio-8080"]
2023-02-08 09:26:36,368 INFO org.springframework.boot.web.embedded.tomcat.TomcatWebServer [restartedMain] Tomcat started on port(s): 8080 (http) with context path ''
2023-02-08 09:26:36,378 INFO org.springframework.boot.StartupInfoLogger [restartedMain] Started ProjectIcdayroiApplication in 5.22 seconds (JVM running for 5.837)
2023-02-08 09:26:40,114 INFO org.apache.juli.logging.DirectJDKLog [http-nio-8080-exec-2] Initializing Spring DispatcherServlet 'dispatcherServlet'
2023-02-08 09:26:40,116 INFO org.springframework.web.servlet.FrameworkServlet [http-nio-8080-exec-2] Initializing Servlet 'dispatcherServlet'
2023-02-08 09:26:40,118 INFO org.springframework.web.servlet.FrameworkServlet [http-nio-8080-exec-2] Completed initialization in 2 ms
2023-02-08 09:26:40,181 INFO com.vannt.projecticdayroi.services.BillServicesImp [http-nio-8080-exec-2] info get all bill
2023-02-08 09:26:40,182 ERROR com.vannt.projecticdayroi.services.BillServicesImp [http-nio-8080-exec-2] error get all bill
2023-02-08 09:27:30,568 INFO org.springframework.orm.jpa.AbstractEntityManagerFactoryBean [SpringApplicationShutdownHook] Closing JPA EntityManagerFactory for persistence unit 'default'
2023-02-08 09:27:30,571 INFO com.zaxxer.hikari.HikariDataSource [SpringApplicationShutdownHook] HikariPool-1 - Shutdown initiated...
2023-02-08 09:27:30,598 INFO com.zaxxer.hikari.HikariDataSource [SpringApplicationShutdownHook] HikariPool-1 - Shutdown completed.
2023-02-08 09:27:34,448 INFO org.springframework.boot.StartupInfoLogger [restartedMain] Starting ProjectIcdayroiApplication using Java 11.0.17 on vannt-ASUS-TUF-Gaming-A15-FA506II-FA506II with PID 15466 (/home/vannt/O-Dia-D/O Dia D/Programming/project-icdayroi/target/classes started by vannt in /home/vannt/O-Dia-D/O Dia D/Programming/project-icdayroi)
2023-02-08 09:27:34,451 INFO org.springframework.boot.SpringApplication [restartedMain] The following 1 profile is active: "dev"
2023-02-08 09:27:34,513 INFO org.springframework.boot.logging.DeferredLog [restartedMain] Devtools property defaults active! Set 'spring.devtools.add-properties' to 'false' to disable
2023-02-08 09:27:34,514 INFO org.springframework.boot.logging.DeferredLog [restartedMain] For additional web related logging consider setting the 'logging.level.web' property to 'DEBUG'
2023-02-08 09:27:35,305 INFO org.springframework.data.repository.config.RepositoryConfigurationDelegate [restartedMain] Multiple Spring Data modules found, entering strict repository configuration mode
2023-02-08 09:27:35,308 INFO org.springframework.data.repository.config.RepositoryConfigurationDelegate [restartedMain] Bootstrapping Spring Data JPA repositories in DEFAULT mode.
2023-02-08 09:27:35,459 INFO org.springframework.data.repository.config.RepositoryConfigurationDelegate [restartedMain] Finished Spring Data repository scanning in 140 ms. Found 5 JPA repository interfaces.
2023-02-08 09:27:35,478 INFO org.springframework.data.repository.config.RepositoryConfigurationDelegate [restartedMain] Multiple Spring Data modules found, entering strict repository configuration mode
2023-02-08 09:27:35,479 INFO org.springframework.data.repository.config.RepositoryConfigurationDelegate [restartedMain] Bootstrapping Spring Data Redis repositories in DEFAULT mode.
2023-02-08 09:27:35,490 INFO org.springframework.data.repository.config.RepositoryConfigurationExtensionSupport [restartedMain] Spring Data Redis - Could not safely identify store assignment for repository candidate interface com.vannt.projecticdayroi.repository.BillRepository; If you want this repository to be a Redis repository, consider annotating your entities with one of these annotations: org.springframework.data.redis.core.RedisHash (preferred), or consider extending one of the following types with your repository: org.springframework.data.keyvalue.repository.KeyValueRepository
2023-02-08 09:27:35,490 INFO org.springframework.data.repository.config.RepositoryConfigurationExtensionSupport [restartedMain] Spring Data Redis - Could not safely identify store assignment for repository candidate interface com.vannt.projecticdayroi.repository.ContactRepository; If you want this repository to be a Redis repository, consider annotating your entities with one of these annotations: org.springframework.data.redis.core.RedisHash (preferred), or consider extending one of the following types with your repository: org.springframework.data.keyvalue.repository.KeyValueRepository
2023-02-08 09:27:35,491 INFO org.springframework.data.repository.config.RepositoryConfigurationExtensionSupport [restartedMain] Spring Data Redis - Could not safely identify store assignment for repository candidate interface com.vannt.projecticdayroi.repository.ProductRepository; If you want this repository to be a Redis repository, consider annotating your entities with one of these annotations: org.springframework.data.redis.core.RedisHash (preferred), or consider extending one of the following types with your repository: org.springframework.data.keyvalue.repository.KeyValueRepository
2023-02-08 09:27:35,492 INFO org.springframework.data.repository.config.RepositoryConfigurationExtensionSupport [restartedMain] Spring Data Redis - Could not safely identify store assignment for repository candidate interface com.vannt.projecticdayroi.repository.TypeProductRepository; If you want this repository to be a Redis repository, consider annotating your entities with one of these annotations: org.springframework.data.redis.core.RedisHash (preferred), or consider extending one of the following types with your repository: org.springframework.data.keyvalue.repository.KeyValueRepository
2023-02-08 09:27:35,492 INFO org.springframework.data.repository.config.RepositoryConfigurationExtensionSupport [restartedMain] Spring Data Redis - Could not safely identify store assignment for repository candidate interface com.vannt.projecticdayroi.repository.UserRepository; If you want this repository to be a Redis repository, consider annotating your entities with one of these annotations: org.springframework.data.redis.core.RedisHash (preferred), or consider extending one of the following types with your repository: org.springframework.data.keyvalue.repository.KeyValueRepository
2023-02-08 09:27:35,492 INFO org.springframework.data.repository.config.RepositoryConfigurationDelegate [restartedMain] Finished Spring Data repository scanning in 6 ms. Found 0 Redis repository interfaces.
2023-02-08 09:27:36,122 INFO org.springframework.boot.web.embedded.tomcat.TomcatWebServer [restartedMain] Tomcat initialized with port(s): 8080 (http)
2023-02-08 09:27:36,132 INFO org.apache.juli.logging.DirectJDKLog [restartedMain] Initializing ProtocolHandler ["http-nio-8080"]
2023-02-08 09:27:36,133 INFO org.apache.juli.logging.DirectJDKLog [restartedMain] Starting service [Tomcat]
2023-02-08 09:27:36,133 INFO org.apache.juli.logging.DirectJDKLog [restartedMain] Starting Servlet engine: [Apache Tomcat/9.0.68]
2023-02-08 09:27:36,186 INFO org.apache.juli.logging.DirectJDKLog [restartedMain] Initializing Spring embedded WebApplicationContext
2023-02-08 09:27:36,186 INFO org.springframework.boot.web.servlet.context.ServletWebServerApplicationContext [restartedMain] Root WebApplicationContext: initialization completed in 1671 ms
2023-02-08 09:27:36,617 INFO org.hibernate.jpa.internal.util.LogHelper [restartedMain] HHH000204: Processing PersistenceUnitInfo [name: default]
2023-02-08 09:27:36,654 INFO org.hibernate.Version [restartedMain] HHH000412: Hibernate ORM core version 5.6.12.Final
2023-02-08 09:27:36,782 INFO org.hibernate.annotations.common.reflection.java.JavaReflectionManager [restartedMain] HCANN000001: Hibernate Commons Annotations {5.1.2.Final}
2023-02-08 09:27:36,858 INFO com.zaxxer.hikari.HikariDataSource [restartedMain] HikariPool-1 - Starting...
2023-02-08 09:27:37,181 INFO com.zaxxer.hikari.HikariDataSource [restartedMain] HikariPool-1 - Start completed.
2023-02-08 09:27:37,193 INFO org.hibernate.dialect.Dialect [restartedMain] HHH000400: Using dialect: org.hibernate.dialect.MySQL8Dialect
2023-02-08 09:27:37,411 WARN org.hibernate.mapping.RootClass [restartedMain] HHH000038: Composite-id class does not override equals(): com.vannt.projecticdayroi.entity.id.BillProductId
2023-02-08 09:27:37,411 WARN org.hibernate.mapping.RootClass [restartedMain] HHH000039: Composite-id class does not override hashCode(): com.vannt.projecticdayroi.entity.id.BillProductId
2023-02-08 09:27:37,946 INFO org.hibernate.engine.transaction.jta.platform.internal.JtaPlatformInitiator [restartedMain] HHH000490: Using JtaPlatform implementation: [org.hibernate.engine.transaction.jta.platform.internal.NoJtaPlatform]
2023-02-08 09:27:37,959 INFO org.springframework.orm.jpa.AbstractEntityManagerFactoryBean [restartedMain] Initialized JPA EntityManagerFactory for persistence unit 'default'
2023-02-08 09:27:38,716 INFO org.springframework.security.web.DefaultSecurityFilterChain [restartedMain] Will secure any request with [org.springframework.security.web.session.DisableEncodeUrlFilter@2cd26558, org.springframework.security.web.context.request.async.WebAsyncManagerIntegrationFilter@7eaae740, org.springframework.security.web.context.SecurityContextPersistenceFilter@59ed3b8a, org.springframework.security.web.header.HeaderWriterFilter@28640a40, org.springframework.security.web.authentication.logout.LogoutFilter@747d850f, com.vannt.projecticdayroi.jwt.JwtTokenFilter@5a46a646, org.springframework.security.web.savedrequest.RequestCacheAwareFilter@545be531, org.springframework.security.web.servletapi.SecurityContextHolderAwareRequestFilter@536766cc, org.springframework.security.web.authentication.AnonymousAuthenticationFilter@3fa4ed37, org.springframework.security.web.session.SessionManagementFilter@24fe5975, org.springframework.security.web.access.ExceptionTranslationFilter@42cbf4a7, org.springframework.security.web.access.intercept.FilterSecurityInterceptor@45b33662]
2023-02-08 09:27:38,767 WARN org.springframework.boot.autoconfigure.orm.jpa.JpaBaseConfiguration$JpaWebConfiguration [restartedMain] spring.jpa.open-in-view is enabled by default. Therefore, database queries may be performed during view rendering. Explicitly configure spring.jpa.open-in-view to disable this warning
2023-02-08 09:27:38,906 INFO org.springframework.boot.autoconfigure.web.servlet.WelcomePageHandlerMapping [restartedMain] Adding welcome page template: index
2023-02-08 09:27:39,231 INFO org.springframework.boot.devtools.autoconfigure.OptionalLiveReloadServer [restartedMain] LiveReload server is running on port 35729
2023-02-08 09:27:39,243 INFO org.apache.juli.logging.DirectJDKLog [restartedMain] Starting ProtocolHandler ["http-nio-8080"]
2023-02-08 09:27:39,256 INFO org.springframework.boot.web.embedded.tomcat.TomcatWebServer [restartedMain] Tomcat started on port(s): 8080 (http) with context path ''
2023-02-08 09:27:39,265 INFO org.springframework.boot.StartupInfoLogger [restartedMain] Started ProjectIcdayroiApplication in 5.264 seconds (JVM running for 5.891)
2023-02-08 09:27:42,932 INFO org.apache.juli.logging.DirectJDKLog [http-nio-8080-exec-2] Initializing Spring DispatcherServlet 'dispatcherServlet'
2023-02-08 09:27:42,933 INFO org.springframework.web.servlet.FrameworkServlet [http-nio-8080-exec-2] Initializing Servlet 'dispatcherServlet'
2023-02-08 09:27:42,934 INFO org.springframework.web.servlet.FrameworkServlet [http-nio-8080-exec-2] Completed initialization in 1 ms
2023-02-08 09:27:43,028 WARN org.springframework.web.servlet.handler.AbstractHandlerExceptionResolver [http-nio-8080-exec-2] Resolved [com.vannt.projecticdayroi.exception.DeviceZeroException]
2023-02-08 09:30:17,123 INFO org.springframework.orm.jpa.AbstractEntityManagerFactoryBean [SpringApplicationShutdownHook] Closing JPA EntityManagerFactory for persistence unit 'default'
2023-02-08 09:30:17,126 INFO com.zaxxer.hikari.HikariDataSource [SpringApplicationShutdownHook] HikariPool-1 - Shutdown initiated...
2023-02-08 09:30:17,150 INFO com.zaxxer.hikari.HikariDataSource [SpringApplicationShutdownHook] HikariPool-1 - Shutdown completed.
